2025-10-27 15:52:38,808 [INFO] Updated LV0 header: ../solo-data/Lv0/2025_0717/dk03_002.fits.bz2
2025-10-27 15:52:41,210 [INFO] Updated LV0 header: ../solo-data/Lv0/2025_0717/dk03_003.fits.bz2
2025-10-27 15:52:43,724 [INFO] Updated LV0 header: ../solo-data/Lv0/2025_0717/CARLOVA_006_20250717091050.fits.bz2
2025-10-27 15:52:46,121 [INFO] Updated LV0 header: ../solo-data/Lv0/2025_0717/dark007_001.fits.bz2
2025-10-27 15:52:48,667 [INFO] Updated LV0 header: ../solo-data/Lv0/2025_0717/ELENORA_010_20250717054251.fits.bz2
2025-10-27 15:52:51,189 [INFO] Updated LV0 header: ../solo-data/Lv0/2025_0717/ELENORA_016_20250717055202.fits.bz2
2025-10-27 15:52:53,733 [INFO] Updated LV0 header: ../solo-data/Lv0/2025_0717/ELENORA_018_20250717055506.fits.bz2
2025-10-27 15:52:56,218 [INFO] Updated LV0 header: ../solo-data/Lv0/2025_0717/dk03_008.fits.bz2
2025-10-27 15:52:58,757 [INFO] Updated LV0 header: ../solo-data/Lv0/2025_0717/dk03_009.fits.bz2
2025-10-27 15:53:01,244 [INFO] Updated LV0 header: ../solo-data/Lv0/2025_0717/ELENORA_006_20250717053642.fits.bz2
2025-10-27 15:53:03,580 [INFO] Updated LV0 header: ../solo-data/Lv0/2025_0717/dark004_005.fits.bz2
2025-10-27 15:53:05,909 [INFO] Updated LV0 header: ../solo-data/Lv0/2025_0717/dark004_004.fits.bz2
2025-10-27 15:53:08,504 [INFO] Updated LV0 header: ../solo-data/Lv0/2025_0717/ELENORA_030_20250717061332.fits.bz2
2025-10-27 15:53:11,002 [INFO] Updated LV0 header: ../solo-data/Lv0/2025_0717/ELENORA_008_20250717053947.fits.bz2
2025-10-27 15:53:13,338 [INFO] Updated LV0 header: ../solo-data/Lv0/2025_0717/dark006_001.fits.bz2
2025-10-27 15:53:15,816 [INFO] Updated LV0 header: ../solo-data/Lv0/2025_0717/dk05_003.fits.bz2
2025-10-27 15:53:18,305 [INFO] Updated LV0 header: ../solo-data/Lv0/2025_0717/dk05_002.fits.bz2
2025-10-27 15:53:20,760 [INFO] Updated LV0 header: ../solo-data/Lv0/2025_0717/dk02_003.fits.bz2
2025-10-27 15:53:23,229 [INFO] Updated LV0 header: ../solo-data/Lv0/2025_0717/dk02_002.fits.bz2
2025-10-27 15:53:25,786 [INFO] Updated LV0 header: ../solo-data/Lv0/2025_0717/CARLOVA_007_20250717091222.fits.bz2
2025-10-27 15:53:28,275 [INFO] Updated LV0 header: ../solo-data/Lv0/2025_0717/dark090_006.fits.bz2
2025-10-27 15:53:30,682 [INFO] Updated LV0 header: ../solo-data/Lv0/2025_0717/dark090_007.fits.bz2
2025-10-27 15:53:33,047 [INFO] Updated LV0 header: ../solo-data/Lv0/2025_0717/dark008_002.fits.bz2
2025-10-27 15:53:35,431 [INFO] Updated LV0 header: ../solo-data/Lv0/2025_0717/dark008_003.fits.bz2
2025-10-27 15:53:37,997 [INFO] Updated LV0 header: ../solo-data/Lv0/2025_0717/CARLOVA_004_20250717090746.fits.bz2
2025-10-27 15:53:40,572 [INFO] Updated LV0 header: ../solo-data/Lv0/2025_0717/CARLOVA_009_20250717091526.fits.bz2
2025-10-27 15:53:43,053 [INFO] Updated LV0 header: ../solo-data/Lv0/2025_0717/dk01_006.fits.bz2
2025-10-27 15:53:45,523 [INFO] Updated LV0 header: ../solo-data/Lv0/2025_0717/dk01_007.fits.bz2
2025-10-27 15:53:48,015 [INFO] Updated LV0 header: ../solo-data/Lv0/2025_0717/ELENORA_035_20250717062113.fits.bz2
2025-10-27 15:53:50,525 [INFO] Updated LV0 header: ../solo-data/Lv0/2025_0717/ELENORA_032_20250717061637.fits.bz2
2025-10-27 15:53:52,863 [INFO] Updated LV0 header: ../solo-data/Lv0/2025_0717/dark008_008.fits.bz2
2025-10-27 15:53:55,222 [INFO] Updated LV0 header: ../solo-data/Lv0/2025_0717/dark008_009.fits.bz2
2025-10-27 15:53:57,705 [INFO] Updated LV0 header: ../solo-data/Lv0/2025_0717/dk02_009.fits.bz2
2025-10-27 15:54:00,169 [INFO] Updated LV0 header: ../solo-data/Lv0/2025_0717/dk02_008.fits.bz2
2025-10-27 15:54:02,730 [INFO] Updated LV0 header: ../solo-data/Lv0/2025_0717/CARLOVA_011_20250717091830.fits.bz2
2025-10-27 15:54:05,224 [INFO] Updated LV0 header: ../solo-data/Lv0/2025_0717/dk05_009.fits.bz2
2025-10-27 15:54:07,714 [INFO] Updated LV0 header: ../solo-data/Lv0/2025_0717/dk05_008.fits.bz2
2025-10-27 15:54:10,226 [INFO] Updated LV0 header: ../solo-data/Lv0/2025_0717/ELENORA_029_20250717061200.fits.bz2
2025-10-27 15:54:12,801 [INFO] Updated LV0 header: ../solo-data/Lv0/2025_0717/CARLOVA_017_20250717092744.fits.bz2
2025-10-27 15:54:15,377 [INFO] Updated LV0 header: ../solo-data/Lv0/2025_0717/CARLOVA_019_20250717093048.fits.bz2
2025-10-27 15:54:17,952 [INFO] Updated LV0 header: ../solo-data/Lv0/2025_0717/CARLOVA_005_20250717090918.fits.bz2
2025-10-27 15:54:20,437 [INFO] Updated LV0 header: ../solo-data/Lv0/2025_0717/dk02_004.fits.bz2
2025-10-27 15:54:22,926 [INFO] Updated LV0 header: ../solo-data/Lv0/2025_0717/dk02_005.fits.bz2
2025-10-27 15:54:25,386 [INFO] Updated LV0 header: ../solo-data/Lv0/2025_0717/dark090_001.fits.bz2
2025-10-27 15:54:27,918 [INFO] Updated LV0 header: ../solo-data/Lv0/2025_0717/ELENORA_015_20250717055030.fits.bz2
2025-10-27 15:54:30,263 [INFO] Updated LV0 header: ../solo-data/Lv0/2025_0717/dark006_006.fits.bz2
2025-10-27 15:54:32,621 [INFO] Updated LV0 header: ../solo-data/Lv0/2025_0717/dark006_007.fits.bz2
2025-10-27 15:54:35,164 [INFO] Updated LV0 header: ../solo-data/Lv0/2025_0717/ELENORA_019_20250717055639.fits.bz2
2025-10-27 15:54:37,672 [INFO] Updated LV0 header: ../solo-data/Lv0/2025_0717/dk05_004.fits.bz2
2025-10-27 15:54:40,166 [INFO] Updated LV0 header: ../solo-data/Lv0/2025_0717/dk05_005.fits.bz2
2025-10-27 15:54:42,535 [INFO] Updated LV0 header: ../solo-data/Lv0/2025_0717/dark008_005.fits.bz2
2025-10-27 15:54:44,900 [INFO] Updated LV0 header: ../solo-data/Lv0/2025_0717/dark008_004.fits.bz2
2025-10-27 15:54:47,442 [INFO] Updated LV0 header: ../solo-data/Lv0/2025_0717/ELENORA_013_20250717054727.fits.bz2
2025-10-27 15:54:49,940 [INFO] Updated LV0 header: ../solo-data/Lv0/2025_0717/dk01_001.fits.bz2
2025-10-27 15:54:52,460 [INFO] Updated LV0 header: ../solo-data/Lv0/2025_0717/ELENORA_039_20250717062722.fits.bz2
2025-10-27 15:54:55,005 [INFO] Updated LV0 header: ../solo-data/Lv0/2025_0717/ELENORA_004_20250717053337.fits.bz2
2025-10-27 15:54:57,517 [INFO] Updated LV0 header: ../solo-data/Lv0/2025_0717/bias_006.fits.bz2
2025-10-27 15:55:00,020 [INFO] Updated LV0 header: ../solo-data/Lv0/2025_0717/bias_007.fits.bz2
2025-10-27 15:55:02,395 [INFO] Updated LV0 header: ../solo-data/Lv0/2025_0717/dark007_007.fits.bz2
2025-10-27 15:55:04,782 [INFO] Updated LV0 header: ../solo-data/Lv0/2025_0717/dark007_006.fits.bz2
2025-10-27 15:55:07,299 [INFO] Updated LV0 header: ../solo-data/Lv0/2025_0717/dk03_005.fits.bz2
2025-10-27 15:55:09,804 [INFO] Updated LV0 header: ../solo-data/Lv0/2025_0717/dk03_004.fits.bz2
2025-10-27 15:55:12,350 [INFO] Updated LV0 header: ../solo-data/Lv0/2025_0717/ELENORA_012_20250717054555.fits.bz2
2025-10-27 15:55:14,718 [INFO] Updated LV0 header: ../solo-data/Lv0/2025_0717/dark004_008.fits.bz2
2025-10-27 15:55:17,104 [INFO] Updated LV0 header: ../solo-data/Lv0/2025_0717/dark004_009.fits.bz2
2025-10-27 15:55:19,655 [INFO] Updated LV0 header: ../solo-data/Lv0/2025_0717/ELENORA_009_20250717054119.fits.bz2
2025-10-27 15:55:22,198 [INFO] Updated LV0 header: ../solo-data/Lv0/2025_0717/ELENORA_024_20250717060420.fits.bz2
2025-10-27 15:55:24,787 [INFO] Updated LV0 header: ../solo-data/Lv0/2025_0717/CARLOVA_016_20250717092611.fits.bz2
2025-10-27 15:55:27,398 [INFO] Updated LV0 header: ../solo-data/Lv0/2025_0717/CARLOVA_012_20250717092002.fits.bz2
2025-10-27 15:55:29,956 [INFO] Updated LV0 header: ../solo-data/Lv0/2025_0717/ELENORA_038_20250717062550.fits.bz2
2025-10-27 15:55:32,516 [INFO] Updated LV0 header: ../solo-data/Lv0/2025_0717/ELENORA_033_20250717061809.fits.bz2
2025-10-27 15:55:34,974 [INFO] Updated LV0 header: ../solo-data/Lv0/2025_0717/dark004_002.fits.bz2
2025-10-27 15:55:37,438 [INFO] Updated LV0 header: ../solo-data/Lv0/2025_0717/dark004_003.fits.bz2
2025-10-27 15:55:40,093 [INFO] Updated LV0 header: ../solo-data/Lv0/2025_0717/CARLOVA_015_20250717092439.fits.bz2
2025-10-27 15:55:42,685 [INFO] Updated LV0 header: ../solo-data/Lv0/2025_0717/ELENORA_034_20250717061941.fits.bz2
2025-10-27 15:55:45,321 [INFO] Updated LV0 header: ../solo-data/Lv0/2025_0717/ELENORA_002_20250717053033.fits.bz2
2025-10-27 15:55:47,967 [INFO] Updated LV0 header: ../solo-data/Lv0/2025_0717/dk01_005.fits.bz2
2025-10-27 15:55:50,557 [INFO] Updated LV0 header: ../solo-data/Lv0/2025_0717/dk01_004.fits.bz2
2025-10-27 15:55:53,244 [INFO] Updated LV0 header: ../solo-data/Lv0/2025_0717/CARLOVA_003_20250717090614.fits.bz2
2025-10-27 15:55:55,832 [INFO] Updated LV0 header: ../solo-data/Lv0/2025_0717/ELENORA_021_20250717055943.fits.bz2
2025-10-27 15:55:58,525 [INFO] Updated LV0 header: ../solo-data/Lv0/2025_0717/CARLOVA_008_20250717091354.fits.bz2
2025-10-27 15:56:01,084 [INFO] Updated LV0 header: ../solo-data/Lv0/2025_0717/bias_002.fits.bz2
2025-10-27 15:56:03,642 [INFO] Updated LV0 header: ../solo-data/Lv0/2025_0717/bias_003.fits.bz2
2025-10-27 15:56:06,074 [INFO] Updated LV0 header: ../solo-data/Lv0/2025_0717/dark006_008.fits.bz2
2025-10-27 15:56:08,521 [INFO] Updated LV0 header: ../solo-data/Lv0/2025_0717/dark006_009.fits.bz2
2025-10-27 15:56:11,079 [INFO] Updated LV0 header: ../solo-data/Lv0/2025_0717/dk05_001.fits.bz2
2025-10-27 15:56:13,662 [INFO] Updated LV0 header: ../solo-data/Lv0/2025_0717/ELENORA_026_20250717060724.fits.bz2
2025-10-27 15:56:16,116 [INFO] Updated LV0 header: ../solo-data/Lv0/2025_0717/dark006_002.fits.bz2
2025-10-27 15:56:18,598 [INFO] Updated LV0 header: ../solo-data/Lv0/2025_0717/dark006_003.fits.bz2
2025-10-27 15:56:21,170 [INFO] Updated LV0 header: ../solo-data/Lv0/2025_0717/dk02_001.fits.bz2
2025-10-27 15:56:23,678 [INFO] Updated LV0 header: ../solo-data/Lv0/2025_0717/dark090_005.fits.bz2
2025-10-27 15:56:26,208 [INFO] Updated LV0 header: ../solo-data/Lv0/2025_0717/dark090_004.fits.bz2
2025-10-27 15:56:28,775 [INFO] Updated LV0 header: ../solo-data/Lv0/2025_0717/bias_008.fits.bz2
2025-10-27 15:56:31,389 [INFO] Updated LV0 header: ../solo-data/Lv0/2025_0717/ELENORA_028_20250717061028.fits.bz2
2025-10-27 15:56:33,993 [INFO] Updated LV0 header: ../solo-data/Lv0/2025_0717/bias_009.fits.bz2
2025-10-27 15:56:36,437 [INFO] Updated LV0 header: ../solo-data/Lv0/2025_0717/dark008_001.fits.bz2
2025-10-27 15:56:39,038 [INFO] Updated LV0 header: ../solo-data/Lv0/2025_0717/ELENORA_036_20250717062246.fits.bz2
2025-10-27 15:56:41,657 [INFO] Updated LV0 header: ../solo-data/Lv0/2025_0717/ELENORA_023_20250717060247.fits.bz2
2025-10-27 15:56:44,099 [INFO] Updated LV0 header: ../solo-data/Lv0/2025_0717/dark007_009.fits.bz2
2025-10-27 15:56:46,577 [INFO] Updated LV0 header: ../solo-data/Lv0/2025_0717/dark007_008.fits.bz2
2025-10-27 15:56:49,156 [INFO] Updated LV0 header: ../solo-data/Lv0/2025_0717/ELENORA_022_20250717060115.fits.bz2
2025-10-27 15:56:51,739 [INFO] Updated LV0 header: ../solo-data/Lv0/2025_0717/ELENORA_027_20250717060856.fits.bz2
2025-10-27 15:56:54,149 [INFO] Updated LV0 header: ../solo-data/Lv0/2025_0717/dark004_006.fits.bz2
2025-10-27 15:56:56,536 [INFO] Updated LV0 header: ../solo-data/Lv0/2025_0717/dark004_007.fits.bz2
2025-10-27 15:56:59,078 [INFO] Updated LV0 header: ../solo-data/Lv0/2025_0717/ELENORA_025_20250717060552.fits.bz2
2025-10-27 15:57:01,703 [INFO] Updated LV0 header: ../solo-data/Lv0/2025_0717/CARLOVA_001_20250717090310.fits.bz2
2025-10-27 15:57:04,233 [INFO] Updated LV0 header: ../solo-data/Lv0/2025_0717/dk03_001.fits.bz2
2025-10-27 15:57:06,619 [INFO] Updated LV0 header: ../solo-data/Lv0/2025_0717/dark007_003.fits.bz2
2025-10-27 15:57:08,992 [INFO] Updated LV0 header: ../solo-data/Lv0/2025_0717/dark007_002.fits.bz2
2025-10-27 15:57:11,628 [INFO] Updated LV0 header: ../solo-data/Lv0/2025_0717/CARLOVA_014_20250717092307.fits.bz2
2025-10-27 15:57:14,206 [INFO] Updated LV0 header: ../solo-data/Lv0/2025_0717/ELENORA_001_20250717052901.fits.bz2
2025-10-27 15:57:16,764 [INFO] Updated LV0 header: ../solo-data/Lv0/2025_0717/ELENORA_017_20250717055335.fits.bz2
2025-10-27 15:57:19,318 [INFO] Updated LV0 header: ../solo-data/Lv0/2025_0717/ELENORA_011_20250717054422.fits.bz2
2025-10-27 15:57:19,320 [ERROR] File not found: ../solo-data/Lv0/2025_0717/dk05_002.fits
2025-10-27 15:57:21,872 [INFO] Updated LV0 header: ../solo-data/Lv0/2025_0717/ELENORA_020_20250717055811.fits.bz2
2025-10-27 15:57:24,299 [INFO] Updated LV0 header: ../solo-data/Lv0/2025_0717/dark004_001.fits.bz2
2025-10-27 15:57:26,687 [INFO] Updated LV0 header: ../solo-data/Lv0/2025_0717/dark007_004.fits.bz2
2025-10-27 15:57:29,057 [INFO] Updated LV0 header: ../solo-data/Lv0/2025_0717/dark007_005.fits.bz2
2025-10-27 15:57:31,620 [INFO] Updated LV0 header: ../solo-data/Lv0/2025_0717/ELENORA_005_20250717053510.fits.bz2
2025-10-27 15:57:34,147 [INFO] Updated LV0 header: ../solo-data/Lv0/2025_0717/dk03_006.fits.bz2
2025-10-27 15:57:36,672 [INFO] Updated LV0 header: ../solo-data/Lv0/2025_0717/dk03_007.fits.bz2
2025-10-27 15:57:39,227 [INFO] Updated LV0 header: ../solo-data/Lv0/2025_0717/ELENORA_031_20250717061504.fits.bz2
2025-10-27 15:57:41,843 [INFO] Updated LV0 header: ../solo-data/Lv0/2025_0717/CARLOVA_013_20250717092134.fits.bz2
2025-10-27 15:57:44,411 [INFO] Updated LV0 header: ../solo-data/Lv0/2025_0717/ELENORA_007_20250717053814.fits.bz2
2025-10-27 15:57:46,973 [INFO] Updated LV0 header: ../solo-data/Lv0/2025_0717/ELENORA_037_20250717062418.fits.bz2
2025-10-27 15:57:49,527 [INFO] Updated LV0 header: ../solo-data/Lv0/2025_0717/ELENORA_003_20250717053205.fits.bz2
2025-10-27 15:57:52,099 [INFO] Updated LV0 header: ../solo-data/Lv0/2025_0717/ELENORA_014_20250717054859.fits.bz2
2025-10-27 15:57:54,718 [INFO] Updated LV0 header: ../solo-data/Lv0/2025_0717/CARLOVA_018_20250717092916.fits.bz2
2025-10-27 15:57:57,264 [INFO] Updated LV0 header: ../solo-data/Lv0/2025_0717/dk01_002.fits.bz2
2025-10-27 15:57:59,792 [INFO] Updated LV0 header: ../solo-data/Lv0/2025_0717/dk01_003.fits.bz2
2025-10-27 15:58:02,310 [INFO] Updated LV0 header: ../solo-data/Lv0/2025_0717/bias_005.fits.bz2
2025-10-27 15:58:04,867 [INFO] Updated LV0 header: ../solo-data/Lv0/2025_0717/bias_004.fits.bz2
2025-10-27 15:58:07,346 [INFO] Updated LV0 header: ../solo-data/Lv0/2025_0717/dark090_008.fits.bz2
2025-10-27 15:58:09,830 [INFO] Updated LV0 header: ../solo-data/Lv0/2025_0717/dark090_009.fits.bz2
2025-10-27 15:58:12,343 [INFO] Updated LV0 header: ../solo-data/Lv0/2025_0717/dk01_008.fits.bz2
2025-10-27 15:58:14,878 [INFO] Updated LV0 header: ../solo-data/Lv0/2025_0717/dk01_009.fits.bz2
2025-10-27 15:58:17,515 [INFO] Updated LV0 header: ../solo-data/Lv0/2025_0717/CARLOVA_010_20250717091658.fits.bz2
2025-10-27 15:58:20,123 [INFO] Updated LV0 header: ../solo-data/Lv0/2025_0717/CARLOVA_002_20250717090442.fits.bz2
2025-10-27 15:58:22,651 [INFO] Updated LV0 header: ../solo-data/Lv0/2025_0717/dk02_007.fits.bz2
2025-10-27 15:58:25,181 [INFO] Updated LV0 header: ../solo-data/Lv0/2025_0717/dk02_006.fits.bz2
2025-10-27 15:58:27,667 [INFO] Updated LV0 header: ../solo-data/Lv0/2025_0717/dark090_002.fits.bz2
2025-10-27 15:58:30,140 [INFO] Updated LV0 header: ../solo-data/Lv0/2025_0717/dark090_003.fits.bz2
2025-10-27 15:58:32,687 [INFO] Updated LV0 header: ../solo-data/Lv0/2025_0717/dk05_007.fits.bz2
2025-10-27 15:58:35,234 [INFO] Updated LV0 header: ../solo-data/Lv0/2025_0717/dk05_006.fits.bz2
2025-10-27 15:58:37,646 [INFO] Updated LV0 header: ../solo-data/Lv0/2025_0717/dark006_005.fits.bz2
2025-10-27 15:58:40,032 [INFO] Updated LV0 header: ../solo-data/Lv0/2025_0717/dark006_004.fits.bz2
2025-10-27 15:58:42,424 [INFO] Updated LV0 header: ../solo-data/Lv0/2025_0717/dark008_006.fits.bz2
2025-10-27 15:58:44,812 [INFO] Updated LV0 header: ../solo-data/Lv0/2025_0717/dark008_007.fits.bz2
